2026-04-19 17:48:39,753 - chunk_text - INFO - Chunking parameters: size=1500, overlap=100, chapter_based=True
2026-04-19 17:48:39,753 - chunk_text - INFO - Reading input file: working_data/clean/simple_data_clean.txt
2026-04-19 17:48:39,754 - chunk_text - INFO - Detecting chapters...
2026-04-19 17:48:39,754 - chunk_text - INFO - Detected Chapter 1: 神仙群殴
2026-04-19 17:48:39,754 - chunk_text - INFO - Detected Chapter 2: 蟠龙山
2026-04-19 17:48:39,754 - chunk_text - INFO - Total chapters detected: 2
2026-04-19 17:48:39,754 - chunk_text - INFO - Found 2 chapters
2026-04-19 17:48:39,754 - chunk_text - INFO - Processing Chapter 1: 神仙群殴
2026-04-19 17:48:39,754 - chunk_text - INFO -   Chapter text length: 5830 characters
2026-04-19 17:48:39,754 - chunk_text - INFO - Starting chunking: text length=5830, chunk_size=1500, overlap=100
2026-04-19 17:48:39,755 - chunk_text - INFO - Created 6 chunks from 5830 characters
2026-04-19 17:48:39,755 - chunk_text - INFO -   Chapter 1: 6 chunks saved
2026-04-19 17:48:39,755 - chunk_text - INFO - Processing Chapter 2: 蟠龙山
2026-04-19 17:48:39,755 - chunk_text - INFO -   Chapter text length: 9 characters
2026-04-19 17:48:39,755 - chunk_text - INFO - Starting chunking: text length=9, chunk_size=1500, overlap=100
2026-04-19 17:48:39,755 - chunk_text - INFO - Created 1 chunks from 9 characters
2026-04-19 17:48:39,755 - chunk_text - INFO -   Chapter 2: 1 chunks saved
2026-04-19 17:48:39,756 - chunk_text - INFO - Chapter-based chunking complete:
2026-04-19 17:48:39,756 - chunk_text - INFO -   - Total chapters: 2
2026-04-19 17:48:39,756 - chunk_text - INFO -   - Total chunks: 7
2026-04-19 17:48:39,756 - chunk_text - INFO -   - Output directory: working_data/chunks/simple_data
